<?xml version="1.0" encoding="UTF-8" ?>
<testsuite tests="21" failures="0" name="com.robotprogram.RobotShouldTest" time="0.016" errors="0" skipped="0">
  <properties>
[...]
</properties>
  <testcase classname="com.robotprogram.RobotShouldTest" name="[0] RM,1:0:E (move_right)" time="0.008"/>
  <testcase classname="com.robotprogram.RobotShouldTest" name="[1] RMMMMM,5:0:E (move_right)" time="0"/>
  <testcase classname="com.robotprogram.RobotShouldTest" name="[0] LLM,0:9:S (move_south)" time="0"/>
  <testcase classname="com.robotprogram.RobotShouldTest" name="[1] LLMMMMM,0:5:S (move_south)" time="0"/>
  <testcase classname="com.robotprogram.RobotShouldTest" name="[0] MMMMMMMMMM,0:0:N (wrap_top_to_bottom_when_moving_north)" time="0"/>
  <testcase classname="com.robotprogram.RobotShouldTest" name="[1] MMMMMMMMMMMMMMM,0:5:N (wrap_top_to_bottom_when_moving_north)" time="0.001"/>
  <testcase classname="com.robotprogram.RobotShouldTest" name="[0] RMMMMMMMMMM,0:0:E (wrap_from_right_to_left_when_moving_east)" time="0.001"/>
  <testcase classname="com.robotprogram.RobotShouldTest" name="[1] MMMMMMMMMMMMMMM,0:5:N (wrap_from_right_to_left_when_moving_east)" time="0"/>
  <testcase classname="com.robotprogram.RobotShouldTest" name="[0] LM,9:0:W (move_left)" time="0"/>
  <testcase classname="com.robotprogram.RobotShouldTest" name="[1] LMMMMM,5:0:W (move_left)" time="0.001"/>
  <testcase classname="com.robotprogram.RobotShouldTest" name="[0] M,0:1:N (move_up)" time="0.001"/>
  <testcase classname="com.robotprogram.RobotShouldTest" name="[1] MM,0:2:N (move_up)" time="0"/>
  <testcase classname="com.robotprogram.RobotShouldTest" name="[2] MMM,0:3:N (move_up)" time="0"/>
  <testcase classname="com.robotprogram.RobotShouldTest" name="[0] L,0:0:W (rotate_left)" time="0"/>
  <testcase classname="com.robotprogram.RobotShouldTest" name="[1] LL,0:0:S (rotate_left)" time="0.001"/>
  <testcase classname="com.robotprogram.RobotShouldTest" name="[2] LLL,0:0:E (rotate_left)" time="0.001"/>
  <testcase classname="com.robotprogram.RobotShouldTest" name="[3] LLLL,0:0:N (rotate_left)" time="0"/>
  <testcase classname="com.robotprogram.RobotShouldTest" name="[0] R,0:0:E (rotate_right)" time="0"/>
  <testcase classname="com.robotprogram.RobotShouldTest" name="[1] RR,0:0:S (rotate_right)" time="0"/>
  <testcase classname="com.robotprogram.RobotShouldTest" name="[2] RRR,0:0:W (rotate_right)" time="0.001"/>
  <testcase classname="com.robotprogram.RobotShouldTest" name="[3] RRRR,0:0:N (rotate_right)" time="0.001"/>
</testsuite>